[INFO  - 2016-12-09T19:32:01.835Z] GhostDriver - Main - running on port 4815
[INFO  - 2016-12-09T19:32:02.099Z] Session [28af8b00-be46-11e6-8309-2399fb8c4273] - page.settings - {"XSSAuditingEnabled":false,"javascriptCanCloseWindows":true,"javascriptCanOpenWindows":true,"javascriptEnabled":true,"loadImages":true,"localToRemoteUrlAccessEnabled":false,"userAgent":"Mozilla/5.0 (Unknown; Linux x86_64) AppleWebKit/538.1 (KHTML, like Gecko) PhantomJS/2.1.1 Safari/538.1","webSecurityEnabled":true}
[INFO  - 2016-12-09T19:32:02.099Z] Session [28af8b00-be46-11e6-8309-2399fb8c4273] - page.customHeaders:  - {}
[INFO  - 2016-12-09T19:32:02.100Z] Session [28af8b00-be46-11e6-8309-2399fb8c4273] - Session.negotiatedCapabilities - {"browserName":"phantomjs","version":"2.1.1","driverName":"ghostdriver","driverVersion":"1.2.0","platform":"linux-unknown-64bit","javascriptEnabled":true,"takesScreenshot":true,"handlesAlerts":false,"databaseEnabled":false,"locationContextEnabled":false,"applicationCacheEnabled":false,"browserConnectionEnabled":false,"cssSelectorsEnabled":true,"webStorageEnabled":false,"rotatable":false,"acceptSslCerts":false,"nativeEvents":true,"proxy":{"proxyType":"direct"}}
[INFO  - 2016-12-09T19:32:02.100Z] SessionManagerReqHand - _postNewSessionCommand - New Session Created: 28af8b00-be46-11e6-8309-2399fb8c4273
[INFO  - 2016-12-09T19:32:11.589Z] ShutdownReqHand - _handle - About to shutdown
[INFO  - 2016-12-09T19:40:12.587Z] GhostDriver - Main - running on port 23499
[INFO  - 2016-12-09T19:40:12.722Z] Session [4d1eabf0-be47-11e6-afd0-65691edae3d9] - page.settings - {"XSSAuditingEnabled":false,"javascriptCanCloseWindows":true,"javascriptCanOpenWindows":true,"javascriptEnabled":true,"loadImages":true,"localToRemoteUrlAccessEnabled":false,"userAgent":"Mozilla/5.0 (Macintosh; Intel Mac OS X 10_10_5) AppleWebKit/537.36 (KHTML, like Gecko) Chrome/46.0.2490.80 Safari/537.36","webSecurityEnabled":true}
[INFO  - 2016-12-09T19:40:12.722Z] Session [4d1eabf0-be47-11e6-afd0-65691edae3d9] - page.customHeaders:  - {}
[INFO  - 2016-12-09T19:40:12.722Z] Session [4d1eabf0-be47-11e6-afd0-65691edae3d9] - Session.negotiatedCapabilities - {"browserName":"phantomjs","version":"2.1.1","driverName":"ghostdriver","driverVersion":"1.2.0","platform":"linux-unknown-64bit","javascriptEnabled":true,"takesScreenshot":true,"handlesAlerts":false,"databaseEnabled":false,"locationContextEnabled":false,"applicationCacheEnabled":false,"browserConnectionEnabled":false,"cssSelectorsEnabled":true,"webStorageEnabled":false,"rotatable":false,"acceptSslCerts":false,"nativeEvents":true,"proxy":{"proxyType":"direct"},"phantomjs.page.settings.userAgent":"Mozilla/5.0 (Macintosh; Intel Mac OS X 10_10_5) AppleWebKit/537.36 (KHTML, like Gecko) Chrome/46.0.2490.80 Safari/537.36"}
[INFO  - 2016-12-09T19:40:12.722Z] SessionManagerReqHand - _postNewSessionCommand - New Session Created: 4d1eabf0-be47-11e6-afd0-65691edae3d9
[INFO  - 2016-12-09T19:40:35.900Z] ShutdownReqHand - _handle - About to shutdown
[INFO  - 2016-12-09T19:41:09.232Z] GhostDriver - Main - running on port 31139
[INFO  - 2016-12-09T19:41:09.311Z] Session [6ed950b0-be47-11e6-b016-75aff0cc0f55] - page.settings - {"XSSAuditingEnabled":false,"javascriptCanCloseWindows":true,"javascriptCanOpenWindows":true,"javascriptEnabled":true,"loadImages":true,"localToRemoteUrlAccessEnabled":false,"userAgent":"Mozilla/5.0 (Macintosh; Intel Mac OS X 10_10_5) AppleWebKit/537.36 (KHTML, like Gecko) Chrome/46.0.2490.80 Safari/537.36","webSecurityEnabled":true}
[INFO  - 2016-12-09T19:41:09.311Z] Session [6ed950b0-be47-11e6-b016-75aff0cc0f55] - page.customHeaders:  - {}
[INFO  - 2016-12-09T19:41:09.312Z] Session [6ed950b0-be47-11e6-b016-75aff0cc0f55] - Session.negotiatedCapabilities - {"browserName":"phantomjs","version":"2.1.1","driverName":"ghostdriver","driverVersion":"1.2.0","platform":"linux-unknown-64bit","javascriptEnabled":true,"takesScreenshot":true,"handlesAlerts":false,"databaseEnabled":false,"locationContextEnabled":false,"applicationCacheEnabled":false,"browserConnectionEnabled":false,"cssSelectorsEnabled":true,"webStorageEnabled":false,"rotatable":false,"acceptSslCerts":false,"nativeEvents":true,"proxy":{"proxyType":"direct"},"phantomjs.page.settings.userAgent":"Mozilla/5.0 (Macintosh; Intel Mac OS X 10_10_5) AppleWebKit/537.36 (KHTML, like Gecko) Chrome/46.0.2490.80 Safari/537.36"}
[INFO  - 2016-12-09T19:41:09.312Z] SessionManagerReqHand - _postNewSessionCommand - New Session Created: 6ed950b0-be47-11e6-b016-75aff0cc0f55
[INFO  - 2016-12-09T19:41:30.257Z] ShutdownReqHand - _handle - About to shutdown
[INFO  - 2016-12-10T05:41:40.804Z] GhostDriver - Main - running on port 2288
[INFO  - 2016-12-10T05:41:41.088Z] Session [537602b0-be9b-11e6-8e9e-8d6507c1a298] - page.settings - {"XSSAuditingEnabled":false,"javascriptCanCloseWindows":true,"javascriptCanOpenWindows":true,"javascriptEnabled":true,"loadImages":true,"localToRemoteUrlAccessEnabled":false,"userAgent":"Mozilla/5.0 (Macintosh; Intel Mac OS X 10_10_5) AppleWebKit/537.36 (KHTML, like Gecko) Chrome/46.0.2490.80 Safari/537.36","webSecurityEnabled":true}
[INFO  - 2016-12-10T05:41:41.088Z] Session [537602b0-be9b-11e6-8e9e-8d6507c1a298] - page.customHeaders:  - {}
[INFO  - 2016-12-10T05:41:41.088Z] Session [537602b0-be9b-11e6-8e9e-8d6507c1a298] - Session.negotiatedCapabilities - {"browserName":"phantomjs","version":"2.1.1","driverName":"ghostdriver","driverVersion":"1.2.0","platform":"linux-unknown-64bit","javascriptEnabled":true,"takesScreenshot":true,"handlesAlerts":false,"databaseEnabled":false,"locationContextEnabled":false,"applicationCacheEnabled":false,"browserConnectionEnabled":false,"cssSelectorsEnabled":true,"webStorageEnabled":false,"rotatable":false,"acceptSslCerts":false,"nativeEvents":true,"proxy":{"proxyType":"direct"},"phantomjs.page.settings.userAgent":"Mozilla/5.0 (Macintosh; Intel Mac OS X 10_10_5) AppleWebKit/537.36 (KHTML, like Gecko) Chrome/46.0.2490.80 Safari/537.36"}
[INFO  - 2016-12-10T05:41:41.088Z] SessionManagerReqHand - _postNewSessionCommand - New Session Created: 537602b0-be9b-11e6-8e9e-8d6507c1a298
[INFO  - 2016-12-10T05:41:52.005Z] ShutdownReqHand - _handle - About to shutdown
[INFO  - 2016-12-10T05:45:19.489Z] GhostDriver - Main - running on port 14635
[INFO  - 2016-12-10T05:45:19.646Z] Session [d5bb77a0-be9b-11e6-9c01-4f385dea4079] - page.settings - {"XSSAuditingEnabled":false,"javascriptCanCloseWindows":true,"javascriptCanOpenWindows":true,"javascriptEnabled":true,"loadImages":true,"localToRemoteUrlAccessEnabled":false,"userAgent":"Mozilla/5.0 (Macintosh; Intel Mac OS X 10_10_5) AppleWebKit/537.36 (KHTML, like Gecko) Chrome/46.0.2490.80 Safari/537.36","webSecurityEnabled":true}
[INFO  - 2016-12-10T05:45:19.646Z] Session [d5bb77a0-be9b-11e6-9c01-4f385dea4079] - page.customHeaders:  - {}
[INFO  - 2016-12-10T05:45:19.646Z] Session [d5bb77a0-be9b-11e6-9c01-4f385dea4079] - Session.negotiatedCapabilities - {"browserName":"phantomjs","version":"2.1.1","driverName":"ghostdriver","driverVersion":"1.2.0","platform":"linux-unknown-64bit","javascriptEnabled":true,"takesScreenshot":true,"handlesAlerts":false,"databaseEnabled":false,"locationContextEnabled":false,"applicationCacheEnabled":false,"browserConnectionEnabled":false,"cssSelectorsEnabled":true,"webStorageEnabled":false,"rotatable":false,"acceptSslCerts":false,"nativeEvents":true,"proxy":{"proxyType":"direct"},"phantomjs.page.settings.userAgent":"Mozilla/5.0 (Macintosh; Intel Mac OS X 10_10_5) AppleWebKit/537.36 (KHTML, like Gecko) Chrome/46.0.2490.80 Safari/537.36"}
[INFO  - 2016-12-10T05:45:19.646Z] SessionManagerReqHand - _postNewSessionCommand - New Session Created: d5bb77a0-be9b-11e6-9c01-4f385dea4079
[INFO  - 2016-12-10T05:45:27.693Z] ShutdownReqHand - _handle - About to shutdown
[INFO  - 2016-12-10T05:53:49.504Z] GhostDriver - Main - running on port 17499
[INFO  - 2016-12-10T05:53:49.648Z] Session [05b7bfd0-be9d-11e6-8139-31cf4e68709f] - page.settings - {"XSSAuditingEnabled":false,"javascriptCanCloseWindows":true,"javascriptCanOpenWindows":true,"javascriptEnabled":true,"loadImages":true,"localToRemoteUrlAccessEnabled":false,"userAgent":"Mozilla/5.0 (Macintosh; Intel Mac OS X 10_10_5) AppleWebKit/537.36 (KHTML, like Gecko) Chrome/46.0.2490.80 Safari/537.36","webSecurityEnabled":true}
[INFO  - 2016-12-10T05:53:49.649Z] Session [05b7bfd0-be9d-11e6-8139-31cf4e68709f] - page.customHeaders:  - {}
[INFO  - 2016-12-10T05:53:49.649Z] Session [05b7bfd0-be9d-11e6-8139-31cf4e68709f] - Session.negotiatedCapabilities - {"browserName":"phantomjs","version":"2.1.1","driverName":"ghostdriver","driverVersion":"1.2.0","platform":"linux-unknown-64bit","javascriptEnabled":true,"takesScreenshot":true,"handlesAlerts":false,"databaseEnabled":false,"locationContextEnabled":false,"applicationCacheEnabled":false,"browserConnectionEnabled":false,"cssSelectorsEnabled":true,"webStorageEnabled":false,"rotatable":false,"acceptSslCerts":false,"nativeEvents":true,"proxy":{"proxyType":"direct"},"phantomjs.page.settings.userAgent":"Mozilla/5.0 (Macintosh; Intel Mac OS X 10_10_5) AppleWebKit/537.36 (KHTML, like Gecko) Chrome/46.0.2490.80 Safari/537.36"}
[INFO  - 2016-12-10T05:53:49.649Z] SessionManagerReqHand - _postNewSessionCommand - New Session Created: 05b7bfd0-be9d-11e6-8139-31cf4e68709f
[INFO  - 2016-12-10T05:54:09.321Z] ShutdownReqHand - _handle - About to shutdown
[INFO  - 2016-12-10T06:14:35.541Z] GhostDriver - Main - running on port 3402
[INFO  - 2016-12-10T06:14:35.685Z] Session [ec69c110-be9f-11e6-b41a-fb37905e70ab] - page.settings - {"XSSAuditingEnabled":false,"javascriptCanCloseWindows":true,"javascriptCanOpenWindows":true,"javascriptEnabled":true,"loadImages":true,"localToRemoteUrlAccessEnabled":false,"userAgent":"Mozilla/5.0 (Macintosh; Intel Mac OS X 10_10_5) AppleWebKit/537.36 (KHTML, like Gecko) Chrome/46.0.2490.80 Safari/537.36","webSecurityEnabled":true}
[INFO  - 2016-12-10T06:14:35.685Z] Session [ec69c110-be9f-11e6-b41a-fb37905e70ab] - page.customHeaders:  - {}
[INFO  - 2016-12-10T06:14:35.685Z] Session [ec69c110-be9f-11e6-b41a-fb37905e70ab] - Session.negotiatedCapabilities - {"browserName":"phantomjs","version":"2.1.1","driverName":"ghostdriver","driverVersion":"1.2.0","platform":"linux-unknown-64bit","javascriptEnabled":true,"takesScreenshot":true,"handlesAlerts":false,"databaseEnabled":false,"locationContextEnabled":false,"applicationCacheEnabled":false,"browserConnectionEnabled":false,"cssSelectorsEnabled":true,"webStorageEnabled":false,"rotatable":false,"acceptSslCerts":false,"nativeEvents":true,"proxy":{"proxyType":"direct"},"phantomjs.page.settings.userAgent":"Mozilla/5.0 (Macintosh; Intel Mac OS X 10_10_5) AppleWebKit/537.36 (KHTML, like Gecko) Chrome/46.0.2490.80 Safari/537.36"}
[INFO  - 2016-12-10T06:14:35.685Z] SessionManagerReqHand - _postNewSessionCommand - New Session Created: ec69c110-be9f-11e6-b41a-fb37905e70ab
[INFO  - 2016-12-10T06:14:55.489Z] ShutdownReqHand - _handle - About to shutdown
[INFO  - 2016-12-10T06:15:39.559Z] GhostDriver - Main - running on port 18995
[INFO  - 2016-12-10T06:15:39.703Z] Session [12924740-bea0-11e6-ae0b-dd8edd730896] - page.settings - {"XSSAuditingEnabled":false,"javascriptCanCloseWindows":true,"javascriptCanOpenWindows":true,"javascriptEnabled":true,"loadImages":true,"localToRemoteUrlAccessEnabled":false,"userAgent":"Mozilla/5.0 (Macintosh; Intel Mac OS X 10_10_5) AppleWebKit/537.36 (KHTML, like Gecko) Chrome/46.0.2490.80 Safari/537.36","webSecurityEnabled":true}
[INFO  - 2016-12-10T06:15:39.703Z] Session [12924740-bea0-11e6-ae0b-dd8edd730896] - page.customHeaders:  - {}
[INFO  - 2016-12-10T06:15:39.703Z] Session [12924740-bea0-11e6-ae0b-dd8edd730896] - Session.negotiatedCapabilities - {"browserName":"phantomjs","version":"2.1.1","driverName":"ghostdriver","driverVersion":"1.2.0","platform":"linux-unknown-64bit","javascriptEnabled":true,"takesScreenshot":true,"handlesAlerts":false,"databaseEnabled":false,"locationContextEnabled":false,"applicationCacheEnabled":false,"browserConnectionEnabled":false,"cssSelectorsEnabled":true,"webStorageEnabled":false,"rotatable":false,"acceptSslCerts":false,"nativeEvents":true,"proxy":{"proxyType":"direct"},"phantomjs.page.settings.userAgent":"Mozilla/5.0 (Macintosh; Intel Mac OS X 10_10_5) AppleWebKit/537.36 (KHTML, like Gecko) Chrome/46.0.2490.80 Safari/537.36"}
[INFO  - 2016-12-10T06:15:39.704Z] SessionManagerReqHand - _postNewSessionCommand - New Session Created: 12924740-bea0-11e6-ae0b-dd8edd730896
[INFO  - 2016-12-10T06:15:54.209Z] ShutdownReqHand - _handle - About to shutdown
[INFO  - 2016-12-11T05:49:04.737Z] GhostDriver - Main - running on port 6512
[INFO  - 2016-12-11T05:49:05.106Z] Session [8687d5f0-bf65-11e6-80db-75cc6cc82168] - page.settings - {"XSSAuditingEnabled":false,"javascriptCanCloseWindows":true,"javascriptCanOpenWindows":true,"javascriptEnabled":true,"loadImages":true,"localToRemoteUrlAccessEnabled":false,"userAgent":"Mozilla/5.0 (Macintosh; Intel Mac OS X 10_10_5) AppleWebKit/537.36 (KHTML, like Gecko) Chrome/46.0.2490.80 Safari/537.36","webSecurityEnabled":true}
[INFO  - 2016-12-11T05:49:05.106Z] Session [8687d5f0-bf65-11e6-80db-75cc6cc82168] - page.customHeaders:  - {}
[INFO  - 2016-12-11T05:49:05.106Z] Session [8687d5f0-bf65-11e6-80db-75cc6cc82168] - Session.negotiatedCapabilities - {"browserName":"phantomjs","version":"2.1.1","driverName":"ghostdriver","driverVersion":"1.2.0","platform":"linux-unknown-64bit","javascriptEnabled":true,"takesScreenshot":true,"handlesAlerts":false,"databaseEnabled":false,"locationContextEnabled":false,"applicationCacheEnabled":false,"browserConnectionEnabled":false,"cssSelectorsEnabled":true,"webStorageEnabled":false,"rotatable":false,"acceptSslCerts":false,"nativeEvents":true,"proxy":{"proxyType":"direct"},"phantomjs.page.settings.userAgent":"Mozilla/5.0 (Macintosh; Intel Mac OS X 10_10_5) AppleWebKit/537.36 (KHTML, like Gecko) Chrome/46.0.2490.80 Safari/537.36"}
[INFO  - 2016-12-11T05:49:05.106Z] SessionManagerReqHand - _postNewSessionCommand - New Session Created: 8687d5f0-bf65-11e6-80db-75cc6cc82168
[INFO  - 2016-12-11T05:49:25.902Z] ShutdownReqHand - _handle - About to shutdown
[INFO  - 2016-12-11T05:50:21.830Z] GhostDriver - Main - running on port 14099
[INFO  - 2016-12-11T05:50:21.976Z] Session [b4594450-bf65-11e6-9f97-033b368ec83b] - page.settings - {"XSSAuditingEnabled":false,"javascriptCanCloseWindows":true,"javascriptCanOpenWindows":true,"javascriptEnabled":true,"loadImages":true,"localToRemoteUrlAccessEnabled":false,"userAgent":"Mozilla/5.0 (Macintosh; Intel Mac OS X 10_10_5) AppleWebKit/537.36 (KHTML, like Gecko) Chrome/46.0.2490.80 Safari/537.36","webSecurityEnabled":true}
[INFO  - 2016-12-11T05:50:21.976Z] Session [b4594450-bf65-11e6-9f97-033b368ec83b] - page.customHeaders:  - {}
[INFO  - 2016-12-11T05:50:21.977Z] Session [b4594450-bf65-11e6-9f97-033b368ec83b] - Session.negotiatedCapabilities - {"browserName":"phantomjs","version":"2.1.1","driverName":"ghostdriver","driverVersion":"1.2.0","platform":"linux-unknown-64bit","javascriptEnabled":true,"takesScreenshot":true,"handlesAlerts":false,"databaseEnabled":false,"locationContextEnabled":false,"applicationCacheEnabled":false,"browserConnectionEnabled":false,"cssSelectorsEnabled":true,"webStorageEnabled":false,"rotatable":false,"acceptSslCerts":false,"nativeEvents":true,"proxy":{"proxyType":"direct"},"phantomjs.page.settings.userAgent":"Mozilla/5.0 (Macintosh; Intel Mac OS X 10_10_5) AppleWebKit/537.36 (KHTML, like Gecko) Chrome/46.0.2490.80 Safari/537.36"}
[INFO  - 2016-12-11T05:50:21.977Z] SessionManagerReqHand - _postNewSessionCommand - New Session Created: b4594450-bf65-11e6-9f97-033b368ec83b
[INFO  - 2016-12-11T05:50:35.261Z] ShutdownReqHand - _handle - About to shutdown
[INFO  - 2016-12-11T05:58:51.244Z] GhostDriver - Main - running on port 6157
[INFO  - 2016-12-11T05:58:51.327Z] Session [e3f20fc0-bf66-11e6-9ba2-5f5889bfe884] - page.settings - {"XSSAuditingEnabled":false,"javascriptCanCloseWindows":true,"javascriptCanOpenWindows":true,"javascriptEnabled":true,"loadImages":true,"localToRemoteUrlAccessEnabled":false,"userAgent":"Mozilla/5.0 (Macintosh; Intel Mac OS X 10_10_5) AppleWebKit/537.36 (KHTML, like Gecko) Chrome/46.0.2490.80 Safari/537.36","webSecurityEnabled":true}
[INFO  - 2016-12-11T05:58:51.327Z] Session [e3f20fc0-bf66-11e6-9ba2-5f5889bfe884] - page.customHeaders:  - {}
[INFO  - 2016-12-11T05:58:51.328Z] Session [e3f20fc0-bf66-11e6-9ba2-5f5889bfe884] - Session.negotiatedCapabilities - {"browserName":"phantomjs","version":"2.1.1","driverName":"ghostdriver","driverVersion":"1.2.0","platform":"linux-unknown-64bit","javascriptEnabled":true,"takesScreenshot":true,"handlesAlerts":false,"databaseEnabled":false,"locationContextEnabled":false,"applicationCacheEnabled":false,"browserConnectionEnabled":false,"cssSelectorsEnabled":true,"webStorageEnabled":false,"rotatable":false,"acceptSslCerts":false,"nativeEvents":true,"proxy":{"proxyType":"direct"},"phantomjs.page.settings.userAgent":"Mozilla/5.0 (Macintosh; Intel Mac OS X 10_10_5) AppleWebKit/537.36 (KHTML, like Gecko) Chrome/46.0.2490.80 Safari/537.36"}
[INFO  - 2016-12-11T05:58:51.328Z] SessionManagerReqHand - _postNewSessionCommand - New Session Created: e3f20fc0-bf66-11e6-9ba2-5f5889bfe884
[ERROR - 2016-12-11T05:59:08.743Z] WebElementLocator - _handleLocateCommand - Element(s) NOT Found: GAVE UP. Search Stop Time: 1481435948730
[INFO  - 2016-12-11T05:59:11.243Z] ShutdownReqHand - _handle - About to shutdown
[INFO  - 2016-12-11T05:59:45.255Z] GhostDriver - Main - running on port 3446
[INFO  - 2016-12-11T05:59:45.368Z] Session [04281050-bf67-11e6-aea4-639e65ea1984] - page.settings - {"XSSAuditingEnabled":false,"javascriptCanCloseWindows":true,"javascriptCanOpenWindows":true,"javascriptEnabled":true,"loadImages":true,"localToRemoteUrlAccessEnabled":false,"userAgent":"Mozilla/5.0 (Macintosh; Intel Mac OS X 10_10_5) AppleWebKit/537.36 (KHTML, like Gecko) Chrome/46.0.2490.80 Safari/537.36","webSecurityEnabled":true}
[INFO  - 2016-12-11T05:59:45.368Z] Session [04281050-bf67-11e6-aea4-639e65ea1984] - page.customHeaders:  - {}
[INFO  - 2016-12-11T05:59:45.370Z] Session [04281050-bf67-11e6-aea4-639e65ea1984] - Session.negotiatedCapabilities - {"browserName":"phantomjs","version":"2.1.1","driverName":"ghostdriver","driverVersion":"1.2.0","platform":"linux-unknown-64bit","javascriptEnabled":true,"takesScreenshot":true,"handlesAlerts":false,"databaseEnabled":false,"locationContextEnabled":false,"applicationCacheEnabled":false,"browserConnectionEnabled":false,"cssSelectorsEnabled":true,"webStorageEnabled":false,"rotatable":false,"acceptSslCerts":false,"nativeEvents":true,"proxy":{"proxyType":"direct"},"phantomjs.page.settings.userAgent":"Mozilla/5.0 (Macintosh; Intel Mac OS X 10_10_5) AppleWebKit/537.36 (KHTML, like Gecko) Chrome/46.0.2490.80 Safari/537.36"}
[INFO  - 2016-12-11T05:59:45.370Z] SessionManagerReqHand - _postNewSessionCommand - New Session Created: 04281050-bf67-11e6-aea4-639e65ea1984
[ERROR - 2016-12-11T06:00:02.608Z] WebElementLocator - _handleLocateCommand - Element(s) NOT Found: GAVE UP. Search Stop Time: 1481436002592
[INFO  - 2016-12-11T06:00:03.653Z] ShutdownReqHand - _handle - About to shutdown
[INFO  - 2016-12-11T06:00:45.239Z] GhostDriver - Main - running on port 16271
[INFO  - 2016-12-11T06:00:45.373Z] Session [27ec19a0-bf67-11e6-9b83-f527493c2221] - page.settings - {"XSSAuditingEnabled":false,"javascriptCanCloseWindows":true,"javascriptCanOpenWindows":true,"javascriptEnabled":true,"loadImages":true,"localToRemoteUrlAccessEnabled":false,"userAgent":"Mozilla/5.0 (Macintosh; Intel Mac OS X 10_10_5) AppleWebKit/537.36 (KHTML, like Gecko) Chrome/46.0.2490.80 Safari/537.36","webSecurityEnabled":true}
[INFO  - 2016-12-11T06:00:45.373Z] Session [27ec19a0-bf67-11e6-9b83-f527493c2221] - page.customHeaders:  - {}
[INFO  - 2016-12-11T06:00:45.373Z] Session [27ec19a0-bf67-11e6-9b83-f527493c2221] - Session.negotiatedCapabilities - {"browserName":"phantomjs","version":"2.1.1","driverName":"ghostdriver","driverVersion":"1.2.0","platform":"linux-unknown-64bit","javascriptEnabled":true,"takesScreenshot":true,"handlesAlerts":false,"databaseEnabled":false,"locationContextEnabled":false,"applicationCacheEnabled":false,"browserConnectionEnabled":false,"cssSelectorsEnabled":true,"webStorageEnabled":false,"rotatable":false,"acceptSslCerts":false,"nativeEvents":true,"proxy":{"proxyType":"direct"},"phantomjs.page.settings.userAgent":"Mozilla/5.0 (Macintosh; Intel Mac OS X 10_10_5) AppleWebKit/537.36 (KHTML, like Gecko) Chrome/46.0.2490.80 Safari/537.36"}
[INFO  - 2016-12-11T06:00:45.374Z] SessionManagerReqHand - _postNewSessionCommand - New Session Created: 27ec19a0-bf67-11e6-9b83-f527493c2221
[INFO  - 2016-12-11T06:01:10.317Z] ShutdownReqHand - _handle - About to shutdown
[INFO  - 2016-12-11T06:03:13.147Z] GhostDriver - Main - running on port 2109
[INFO  - 2016-12-11T06:03:13.294Z] Session [80170db0-bf67-11e6-9cd7-cf9b880c1df0] - page.settings - {"XSSAuditingEnabled":false,"javascriptCanCloseWindows":true,"javascriptCanOpenWindows":true,"javascriptEnabled":true,"loadImages":true,"localToRemoteUrlAccessEnabled":false,"userAgent":"Mozilla/5.0 (Macintosh; Intel Mac OS X 10_10_5) AppleWebKit/537.36 (KHTML, like Gecko) Chrome/46.0.2490.80 Safari/537.36","webSecurityEnabled":true}
[INFO  - 2016-12-11T06:03:13.294Z] Session [80170db0-bf67-11e6-9cd7-cf9b880c1df0] - page.customHeaders:  - {}
[INFO  - 2016-12-11T06:03:13.294Z] Session [80170db0-bf67-11e6-9cd7-cf9b880c1df0] - Session.negotiatedCapabilities - {"browserName":"phantomjs","version":"2.1.1","driverName":"ghostdriver","driverVersion":"1.2.0","platform":"linux-unknown-64bit","javascriptEnabled":true,"takesScreenshot":true,"handlesAlerts":false,"databaseEnabled":false,"locationContextEnabled":false,"applicationCacheEnabled":false,"browserConnectionEnabled":false,"cssSelectorsEnabled":true,"webStorageEnabled":false,"rotatable":false,"acceptSslCerts":false,"nativeEvents":true,"proxy":{"proxyType":"direct"},"phantomjs.page.settings.userAgent":"Mozilla/5.0 (Macintosh; Intel Mac OS X 10_10_5) AppleWebKit/537.36 (KHTML, like Gecko) Chrome/46.0.2490.80 Safari/537.36"}
[INFO  - 2016-12-11T06:03:13.294Z] SessionManagerReqHand - _postNewSessionCommand - New Session Created: 80170db0-bf67-11e6-9cd7-cf9b880c1df0
[INFO  - 2016-12-11T06:03:33.223Z] ShutdownReqHand - _handle - About to shutdown
[INFO  - 2016-12-11T06:12:01.925Z] GhostDriver - Main - running on port 21809
[INFO  - 2016-12-11T06:12:02.077Z] Session [bb44c890-bf68-11e6-a0b5-9743ea5ee467] - page.settings - {"XSSAuditingEnabled":false,"javascriptCanCloseWindows":true,"javascriptCanOpenWindows":true,"javascriptEnabled":true,"loadImages":true,"localToRemoteUrlAccessEnabled":false,"userAgent":"Mozilla/5.0 (Macintosh; Intel Mac OS X 10_10_5) AppleWebKit/537.36 (KHTML, like Gecko) Chrome/46.0.2490.80 Safari/537.36","webSecurityEnabled":true}
[INFO  - 2016-12-11T06:12:02.077Z] Session [bb44c890-bf68-11e6-a0b5-9743ea5ee467] - page.customHeaders:  - {}
[INFO  - 2016-12-11T06:12:02.077Z] Session [bb44c890-bf68-11e6-a0b5-9743ea5ee467] - Session.negotiatedCapabilities - {"browserName":"phantomjs","version":"2.1.1","driverName":"ghostdriver","driverVersion":"1.2.0","platform":"linux-unknown-64bit","javascriptEnabled":true,"takesScreenshot":true,"handlesAlerts":false,"databaseEnabled":false,"locationContextEnabled":false,"applicationCacheEnabled":false,"browserConnectionEnabled":false,"cssSelectorsEnabled":true,"webStorageEnabled":false,"rotatable":false,"acceptSslCerts":false,"nativeEvents":true,"proxy":{"proxyType":"direct"},"phantomjs.page.settings.userAgent":"Mozilla/5.0 (Macintosh; Intel Mac OS X 10_10_5) AppleWebKit/537.36 (KHTML, like Gecko) Chrome/46.0.2490.80 Safari/537.36"}
[INFO  - 2016-12-11T06:12:02.077Z] SessionManagerReqHand - _postNewSessionCommand - New Session Created: bb44c890-bf68-11e6-a0b5-9743ea5ee467
[INFO  - 2016-12-11T06:12:30.115Z] ShutdownReqHand - _handle - About to shutdown
[INFO  - 2016-12-11T06:14:25.348Z] GhostDriver - Main - running on port 6116
[INFO  - 2016-12-11T06:14:25.493Z] Session [10c05410-bf69-11e6-9903-4964c225c388] - page.settings - {"XSSAuditingEnabled":false,"javascriptCanCloseWindows":true,"javascriptCanOpenWindows":true,"javascriptEnabled":true,"loadImages":true,"localToRemoteUrlAccessEnabled":false,"userAgent":"Mozilla/5.0 (Macintosh; Intel Mac OS X 10_10_5) AppleWebKit/537.36 (KHTML, like Gecko) Chrome/46.0.2490.80 Safari/537.36","webSecurityEnabled":true}
[INFO  - 2016-12-11T06:14:25.493Z] Session [10c05410-bf69-11e6-9903-4964c225c388] - page.customHeaders:  - {}
[INFO  - 2016-12-11T06:14:25.493Z] Session [10c05410-bf69-11e6-9903-4964c225c388] - Session.negotiatedCapabilities - {"browserName":"phantomjs","version":"2.1.1","driverName":"ghostdriver","driverVersion":"1.2.0","platform":"linux-unknown-64bit","javascriptEnabled":true,"takesScreenshot":true,"handlesAlerts":false,"databaseEnabled":false,"locationContextEnabled":false,"applicationCacheEnabled":false,"browserConnectionEnabled":false,"cssSelectorsEnabled":true,"webStorageEnabled":false,"rotatable":false,"acceptSslCerts":false,"nativeEvents":true,"proxy":{"proxyType":"direct"},"phantomjs.page.settings.userAgent":"Mozilla/5.0 (Macintosh; Intel Mac OS X 10_10_5) AppleWebKit/537.36 (KHTML, like Gecko) Chrome/46.0.2490.80 Safari/537.36"}
[INFO  - 2016-12-11T06:14:25.493Z] SessionManagerReqHand - _postNewSessionCommand - New Session Created: 10c05410-bf69-11e6-9903-4964c225c388
[INFO  - 2016-12-11T06:15:02.249Z] ShutdownReqHand - _handle - About to shutdown
[INFO  - 2016-12-11T06:16:49.582Z] GhostDriver - Main - running on port 21035
[INFO  - 2016-12-11T06:16:49.715Z] Session [66b70300-bf69-11e6-bafb-61516efa56eb] - page.settings - {"XSSAuditingEnabled":false,"javascriptCanCloseWindows":true,"javascriptCanOpenWindows":true,"javascriptEnabled":true,"loadImages":true,"localToRemoteUrlAccessEnabled":false,"userAgent":"Mozilla/5.0 (Macintosh; Intel Mac OS X 10_10_5) AppleWebKit/537.36 (KHTML, like Gecko) Chrome/46.0.2490.80 Safari/537.36","webSecurityEnabled":true}
[INFO  - 2016-12-11T06:16:49.715Z] Session [66b70300-bf69-11e6-bafb-61516efa56eb] - page.customHeaders:  - {}
[INFO  - 2016-12-11T06:16:49.715Z] Session [66b70300-bf69-11e6-bafb-61516efa56eb] - Session.negotiatedCapabilities - {"browserName":"phantomjs","version":"2.1.1","driverName":"ghostdriver","driverVersion":"1.2.0","platform":"linux-unknown-64bit","javascriptEnabled":true,"takesScreenshot":true,"handlesAlerts":false,"databaseEnabled":false,"locationContextEnabled":false,"applicationCacheEnabled":false,"browserConnectionEnabled":false,"cssSelectorsEnabled":true,"webStorageEnabled":false,"rotatable":false,"acceptSslCerts":false,"nativeEvents":true,"proxy":{"proxyType":"direct"},"phantomjs.page.settings.userAgent":"Mozilla/5.0 (Macintosh; Intel Mac OS X 10_10_5) AppleWebKit/537.36 (KHTML, like Gecko) Chrome/46.0.2490.80 Safari/537.36"}
[INFO  - 2016-12-11T06:16:49.715Z] SessionManagerReqHand - _postNewSessionCommand - New Session Created: 66b70300-bf69-11e6-bafb-61516efa56eb
[INFO  - 2016-12-11T06:17:28.501Z] ShutdownReqHand - _handle - About to shutdown
[INFO  - 2016-12-11T06:18:04.709Z] GhostDriver - Main - running on port 21914
[INFO  - 2016-12-11T06:18:04.841Z] Session [937e5460-bf69-11e6-b2b3-f1001d8bf2c3] - page.settings - {"XSSAuditingEnabled":false,"javascriptCanCloseWindows":true,"javascriptCanOpenWindows":true,"javascriptEnabled":true,"loadImages":true,"localToRemoteUrlAccessEnabled":false,"userAgent":"Mozilla/5.0 (Macintosh; Intel Mac OS X 10_10_5) AppleWebKit/537.36 (KHTML, like Gecko) Chrome/46.0.2490.80 Safari/537.36","webSecurityEnabled":true}
[INFO  - 2016-12-11T06:18:04.841Z] Session [937e5460-bf69-11e6-b2b3-f1001d8bf2c3] - page.customHeaders:  - {}
[INFO  - 2016-12-11T06:18:04.842Z] Session [937e5460-bf69-11e6-b2b3-f1001d8bf2c3] - Session.negotiatedCapabilities - {"browserName":"phantomjs","version":"2.1.1","driverName":"ghostdriver","driverVersion":"1.2.0","platform":"linux-unknown-64bit","javascriptEnabled":true,"takesScreenshot":true,"handlesAlerts":false,"databaseEnabled":false,"locationContextEnabled":false,"applicationCacheEnabled":false,"browserConnectionEnabled":false,"cssSelectorsEnabled":true,"webStorageEnabled":false,"rotatable":false,"acceptSslCerts":false,"nativeEvents":true,"proxy":{"proxyType":"direct"},"phantomjs.page.settings.userAgent":"Mozilla/5.0 (Macintosh; Intel Mac OS X 10_10_5) AppleWebKit/537.36 (KHTML, like Gecko) Chrome/46.0.2490.80 Safari/537.36"}
[INFO  - 2016-12-11T06:18:04.842Z] SessionManagerReqHand - _postNewSessionCommand - New Session Created: 937e5460-bf69-11e6-b2b3-f1001d8bf2c3
[INFO  - 2016-12-11T06:18:32.313Z] ShutdownReqHand - _handle - About to shutdown
[INFO  - 2016-12-11T06:21:35.508Z] GhostDriver - Main - running on port 10228
[INFO  - 2016-12-11T06:21:35.667Z] Session [1127d300-bf6a-11e6-b138-11cc6827200e] - page.settings - {"XSSAuditingEnabled":false,"javascriptCanCloseWindows":true,"javascriptCanOpenWindows":true,"javascriptEnabled":true,"loadImages":true,"localToRemoteUrlAccessEnabled":false,"userAgent":"Mozilla/5.0 (Macintosh; Intel Mac OS X 10_10_5) AppleWebKit/537.36 (KHTML, like Gecko) Chrome/46.0.2490.80 Safari/537.36","webSecurityEnabled":true}
[INFO  - 2016-12-11T06:21:35.667Z] Session [1127d300-bf6a-11e6-b138-11cc6827200e] - page.customHeaders:  - {}
[INFO  - 2016-12-11T06:21:35.667Z] Session [1127d300-bf6a-11e6-b138-11cc6827200e] - Session.negotiatedCapabilities - {"browserName":"phantomjs","version":"2.1.1","driverName":"ghostdriver","driverVersion":"1.2.0","platform":"linux-unknown-64bit","javascriptEnabled":true,"takesScreenshot":true,"handlesAlerts":false,"databaseEnabled":false,"locationContextEnabled":false,"applicationCacheEnabled":false,"browserConnectionEnabled":false,"cssSelectorsEnabled":true,"webStorageEnabled":false,"rotatable":false,"acceptSslCerts":false,"nativeEvents":true,"proxy":{"proxyType":"direct"},"phantomjs.page.settings.userAgent":"Mozilla/5.0 (Macintosh; Intel Mac OS X 10_10_5) AppleWebKit/537.36 (KHTML, like Gecko) Chrome/46.0.2490.80 Safari/537.36"}
[INFO  - 2016-12-11T06:21:35.668Z] SessionManagerReqHand - _postNewSessionCommand - New Session Created: 1127d300-bf6a-11e6-b138-11cc6827200e
[INFO  - 2016-12-11T06:22:06.838Z] ShutdownReqHand - _handle - About to shutdown
[INFO  - 2016-12-11T06:24:05.382Z] GhostDriver - Main - running on port 30394
[INFO  - 2016-12-11T06:24:05.529Z] Session [6a7af360-bf6a-11e6-b4b9-0be5ad44a6cc] - page.settings - {"XSSAuditingEnabled":false,"javascriptCanCloseWindows":true,"javascriptCanOpenWindows":true,"javascriptEnabled":true,"loadImages":true,"localToRemoteUrlAccessEnabled":false,"userAgent":"Mozilla/5.0 (Macintosh; Intel Mac OS X 10_10_5) AppleWebKit/537.36 (KHTML, like Gecko) Chrome/46.0.2490.80 Safari/537.36","webSecurityEnabled":true}
[INFO  - 2016-12-11T06:24:05.529Z] Session [6a7af360-bf6a-11e6-b4b9-0be5ad44a6cc] - page.customHeaders:  - {}
[INFO  - 2016-12-11T06:24:05.529Z] Session [6a7af360-bf6a-11e6-b4b9-0be5ad44a6cc] - Session.negotiatedCapabilities - {"browserName":"phantomjs","version":"2.1.1","driverName":"ghostdriver","driverVersion":"1.2.0","platform":"linux-unknown-64bit","javascriptEnabled":true,"takesScreenshot":true,"handlesAlerts":false,"databaseEnabled":false,"locationContextEnabled":false,"applicationCacheEnabled":false,"browserConnectionEnabled":false,"cssSelectorsEnabled":true,"webStorageEnabled":false,"rotatable":false,"acceptSslCerts":false,"nativeEvents":true,"proxy":{"proxyType":"direct"},"phantomjs.page.settings.userAgent":"Mozilla/5.0 (Macintosh; Intel Mac OS X 10_10_5) AppleWebKit/537.36 (KHTML, like Gecko) Chrome/46.0.2490.80 Safari/537.36"}
[INFO  - 2016-12-11T06:24:05.529Z] SessionManagerReqHand - _postNewSessionCommand - New Session Created: 6a7af360-bf6a-11e6-b4b9-0be5ad44a6cc
[INFO  - 2016-12-11T06:24:26.061Z] ShutdownReqHand - _handle - About to shutdown
[INFO  - 2016-12-11T13:32:26.647Z] GhostDriver - Main - running on port 20411
[INFO  - 2016-12-11T13:32:26.860Z] Session [41aad590-bfa6-11e6-b110-01720471536b] - page.settings - {"XSSAuditingEnabled":false,"javascriptCanCloseWindows":true,"javascriptCanOpenWindows":true,"javascriptEnabled":true,"loadImages":true,"localToRemoteUrlAccessEnabled":false,"userAgent":"Mozilla/5.0 (Macintosh; Intel Mac OS X 10_10_5) AppleWebKit/537.36 (KHTML, like Gecko) Chrome/46.0.2490.80 Safari/537.36","webSecurityEnabled":true}
[INFO  - 2016-12-11T13:32:26.860Z] Session [41aad590-bfa6-11e6-b110-01720471536b] - page.customHeaders:  - {}
[INFO  - 2016-12-11T13:32:26.861Z] Session [41aad590-bfa6-11e6-b110-01720471536b] - Session.negotiatedCapabilities - {"browserName":"phantomjs","version":"2.1.1","driverName":"ghostdriver","driverVersion":"1.2.0","platform":"linux-unknown-64bit","javascriptEnabled":true,"takesScreenshot":true,"handlesAlerts":false,"databaseEnabled":false,"locationContextEnabled":false,"applicationCacheEnabled":false,"browserConnectionEnabled":false,"cssSelectorsEnabled":true,"webStorageEnabled":false,"rotatable":false,"acceptSslCerts":false,"nativeEvents":true,"proxy":{"proxyType":"direct"},"phantomjs.page.settings.userAgent":"Mozilla/5.0 (Macintosh; Intel Mac OS X 10_10_5) AppleWebKit/537.36 (KHTML, like Gecko) Chrome/46.0.2490.80 Safari/537.36"}
[INFO  - 2016-12-11T13:32:26.861Z] SessionManagerReqHand - _postNewSessionCommand - New Session Created: 41aad590-bfa6-11e6-b110-01720471536b
[INFO  - 2016-12-11T13:32:42.106Z] ShutdownReqHand - _handle - About to shutdown
[INFO  - 2016-12-11T13:39:30.047Z] GhostDriver - Main - running on port 27974
[INFO  - 2016-12-11T13:39:30.192Z] Session [3dfe04c0-bfa7-11e6-a02e-370f91529d2f] - page.settings - {"XSSAuditingEnabled":false,"javascriptCanCloseWindows":true,"javascriptCanOpenWindows":true,"javascriptEnabled":true,"loadImages":true,"localToRemoteUrlAccessEnabled":false,"userAgent":"Mozilla/5.0 (Macintosh; Intel Mac OS X 10_10_5) AppleWebKit/537.36 (KHTML, like Gecko) Chrome/46.0.2490.80 Safari/537.36","webSecurityEnabled":true}
[INFO  - 2016-12-11T13:39:30.193Z] Session [3dfe04c0-bfa7-11e6-a02e-370f91529d2f] - page.customHeaders:  - {}
[INFO  - 2016-12-11T13:39:30.193Z] Session [3dfe04c0-bfa7-11e6-a02e-370f91529d2f] - Session.negotiatedCapabilities - {"browserName":"phantomjs","version":"2.1.1","driverName":"ghostdriver","driverVersion":"1.2.0","platform":"linux-unknown-64bit","javascriptEnabled":true,"takesScreenshot":true,"handlesAlerts":false,"databaseEnabled":false,"locationContextEnabled":false,"applicationCacheEnabled":false,"browserConnectionEnabled":false,"cssSelectorsEnabled":true,"webStorageEnabled":false,"rotatable":false,"acceptSslCerts":false,"nativeEvents":true,"proxy":{"proxyType":"direct"},"phantomjs.page.settings.userAgent":"Mozilla/5.0 (Macintosh; Intel Mac OS X 10_10_5) AppleWebKit/537.36 (KHTML, like Gecko) Chrome/46.0.2490.80 Safari/537.36"}
[INFO  - 2016-12-11T13:39:30.193Z] SessionManagerReqHand - _postNewSessionCommand - New Session Created: 3dfe04c0-bfa7-11e6-a02e-370f91529d2f
[INFO  - 2016-12-11T13:39:41.221Z] ShutdownReqHand - _handle - About to shutdown
